Arguments: 
  /home/nogueirasena/.nvm/versions/node/v17.8.0/bin/node /mnt/c/Users/nogue/AppData/Roaming/npm/node_modules/yarn/bin/yarn.js

PATH: 
  /home/nogueirasena/.vscode-server/bin/e18005f0f1b33c29e81d732535d8c0e47cafb0b5/bin/remote-cli:/home/nogueirasena/.nvm/versions/node/v17.8.0/bin:/usr/local/sbin:/usr/local/bin:/usr/sbin:/usr/bin:/sbin:/bin:/usr/games:/usr/local/games:/usr/lib/wsl/lib:/mnt/c/Program Files/WindowsApps/Microsoft.WindowsTerminal_1.11.3471.0_x64__8wekyb3d8bbwe:/mnt/c/Program Files/Microsoft/jdk-11.0.12.7-hotspot/bin:/mnt/c/Program Files/Microsoft MPI/Bin/:/mnt/c/Python39/Scripts/:/mnt/c/Python39/:/mnt/c/Windows/system32:/mnt/c/Windows:/mnt/c/Windows/System32/Wbem:/mnt/c/Windows/System32/WindowsPowerShell/v1.0/:/mnt/c/Windows/System32/OpenSSH/:/mnt/c/Program Files (x86)/NVIDIA Corporation/PhysX/Common:/mnt/c/Program Files/NVIDIA Corporation/NVIDIA NvDLISR:/mnt/c/Program Files/dotnet/:/mnt/c/Program Files/Microsoft SQL Server/130/Tools/Binn/:/mnt/c/Program Files/Microsoft SQL Server/Client SDK/ODBC/170/Tools/Binn/:/mnt/c/ProgramData/chocolatey/bin:/mnt/c/Program Files/OpenJDK/openjdk-11.0.10_9/bin:/mnt/c/Users/nogue/AppData/Roaming/nvm:/mnt/c/Program Files/nodejs:/mnt/c/Android/Sdk/emulator:/mnt/c/Android/Sdk/tools:/mnt/c/Android/Sdk/tools/bin:/mnt/c/Android/Sdk/platform-tools:/mnt/c/Users/nogue/AppData/Local/Yarn/bin:/mnt/c/Program Files (x86)/Microsoft SQL Server/150/Tools/Binn/:/mnt/c/Program Files/Microsoft SQL Server/150/Tools/Binn/:/mnt/c/Program Files (x86)/Microsoft SQL Server/150/DTS/Binn/:/mnt/c/Program Files/Microsoft SQL Server/150/DTS/Binn/:/mnt/c/Program Files/Azure Data Studio/bin:/mnt/c/Program Files/Amazon/AWSCLIV2/:/mnt/c/WINDOWS/system32:/mnt/c/WINDOWS:/mnt/c/WINDOWS/System32/Wbem:/mnt/c/WINDOWS/System32/WindowsPowerShell/v1.0/:/mnt/c/WINDOWS/System32/OpenSSH/:/mnt/c/Program Files/Git/cmd:/mnt/c/Program Files (x86)/dotnet/:/mnt/c/Users/nogue/AppData/Local/Microsoft/WindowsApps:/mnt/c/Users/nogue/AppData/Local/Programs/Microsoft VS Code/bin:/mnt/c/Users/nogue/.dotnet/tools:/mnt/c/Users/nogue/AppData/Roaming/npm:/mnt/c/Users/nogue/AppData/Roaming/nvm:/mnt/c/Program Files/nodejs:/mnt/c/Program Files/Azure Data Studio/bin:/mnt/c/Users/nogue/AppData/Local/GitHubDesktop/bin:/usr/local/go/bin:/opt/sonar-scanner/bin:/home/nogueirasena/istio-1.13.2/bin:/usr/local/go/bin:/opt/sonar-scanner/bin:/home/nogueirasena/istio-1.13.2/bin

Yarn version: 
  1.22.10

Node version: 
  17.8.0

Platform: 
  linux x64

Trace: 
  SyntaxError: /home/nogueirasena/rocketseat/react/reactjs-concepts-challenge-iginite/package.json: Unexpected token / in JSON at position 938
      at JSON.parse (<anonymous>)
      at /mnt/c/Users/nogue/AppData/Roaming/npm/node_modules/yarn/lib/cli.js:1625:59
      at Generator.next (<anonymous>)
      at step (/mnt/c/Users/nogue/AppData/Roaming/npm/node_modules/yarn/lib/cli.js:310:30)
      at /mnt/c/Users/nogue/AppData/Roaming/npm/node_modules/yarn/lib/cli.js:321:13

npm manifest: 
  {
    "name": "01-github-explorer",
    "version": "1.0.0",
    "main": "index.js",
    "license": "MIT",
    "scripts": {
      "dev": "webpack serve",
      "build": "cross-env NODE_ENV=production webpack",
      "test": "jest --watchAll"
    },
    "dependencies": {
      "react": "^17.0.1",
      "react-dom": "^17.0.1",
      "react-icons": "^4.2.0"
    },
    "devDependencies": {
      "@babel/cli": "^7.12.10",
      "@babel/core": "^7.12.10",
      "@babel/preset-env": "^7.12.11",
      "@babel/preset-react": "^7.12.10",
      "@babel/preset-typescript": "^7.12.7",
      "@pmmmwh/react-refresh-webpack-plugin": "^0.4.3",
      "@testing-library/jest-dom": "^5.11.9",
      "@testing-library/react": "^11.2.5",
      "@types/react-dom": "^17.0.0",
      "babel-loader": "^8.2.2",
      "babel-preset-react-app": "^10.0.0",
      "cross-env": "^7.0.3",
      "css-loader": "^5.0.1",
      "html-webpack-plugin": "^4.5.1",
      "identity-obj-proxy": "^3.0.0",
      "jest": "^26.6.3",
      // "node-sass": "^6.0.1",
      "react-app-polyfill": "^2.0.0",
      "react-refresh": "^0.9.0",
      "sass-loader": "^10.1.1",
      "style-loader": "^2.0.0",
      "ts-node": "^9.1.1",
      "typescript": "^4.1.3",
      "webpack": "^5.17.0",
      "webpack-cli": "^4.4.0",
      "webpack-dev-server": "^3.11.2"
    }
  }

yarn manifest: 
  No manifest

Lockfile: 
  No lockfile
